44 102 102 0 65 214 225 159 66 143 53 177 0 0 0 48 47 99 104 97 110 
44 102 102 0 65 215 3 202 66 143 53 177 0 0 0 48 47 99 104 97 110 
44 102 102 0 65 215 37 245 66 143 53 177 0 0 0 48 47 99 104 97 110 
44 102 102 0 65 215 72 32 66 143 53 177 0 0 0 48 47 99 104 97 110 
44 102 102 0 65 215 106 75 66 143 53 177 0 0 0 48 47 99 104 97 110 
44 102 102 0 65 215 140 117 66 143 53 177 0 0 0 48 47 99 104 97 110 
44 102 102 0 65 215 174 160 66 143 53 177 0 0 0 48 47 99 104 97 110 
44 102 102 0 65 215 208 203 66 143 53 177 0 0 0 48 47 99 104 97 110 
44 102 102 0 65 215 242 246 66 143 53 177 0 0 0 48 47 99 104 97 110 
44 102 102 0 65 216 21 33 66 143 53 177 0 0 0 48 47 99 104 97 110 
44 102 102 0 65 216 55 76 66 143 53 177 0 0 0 48 47 99 104 97 110 
44 102 102 0 65 216 89 119 66 143 53 177 0 0 0 48 47 99 104 97 110 
44 102 102 0 65 216 123 162 66 143 53 177 0 0 0 48 47 99 104 97 110 
44 102 102 0 65 216 157 204 66 143 53 177 0 0 0 48 47 99 104 97 110 
44 102 102 0 65 216 191 247 66 143 53 177 0 0 0 48 47 99 104 97 110 
44 102 102 0 65 216 226 34 66 143 53 177 0 0 0 48 47 99 104 97 110 
44 102 102 0 65 217 4 77 66 143 53 177 0 0 0 48 47 99 104 97 110 
44 102 102 0 65 217 38 120 66 143 53 177 0 0 0 48 47 99 104 97 110 
44 102 102 0 65 217 72 163 66 143 53 177 0 0 0 48 47 99 104 97 110 
44 102 102 0 65 217 106 206 66 143 53 177 0 0 0 48 47 99 104 97 110 
44 102 102 0 65 217 140 248 66 143 53 177 0 0 0 48 47 99 104 97 110 
44 102 102 0 65 217 175 35 66 143 53 177 0 0 0 48 47 99 104 97 110 
44 102 102 0 65 217 209 78 66 143 53 177 0 0 0 48 47 99 104 97 110 
44 102 102 0 65 217 243 121 66 143 53 177 0 0 0 48 47 99 104 97 110 
44 102 102 0 65 218 21 164 66 143 53 177 0 0 0 48 47 99 104 97 110 
44 102 102 0 65 218 55 207 66 143 53 177 0 0 0 48 47 99 104 97 110 
44 102 102 0 65 218 89 250 66 143 53 177 0 0 0 48 47 99 104 97 110 
44 102 102 0 65 218 124 37 66 143 53 177 0 0 0 48 47 99 104 97 110 
44 102 102 0 65 218 158 79 66 143 53 177 0 0 0 48 47 99 104 97 110 
44 102 102 0 65 218 192 122 66 143 53 177 0 0 0 48 47 99 104 97 110 
44 102 102 0 65 218 226 165 66 143 53 177 0 0 0 48 47 99 104 97 110 
44 102 102 0 65 219 4 208 66 143 53 177 0 0 0 48 47 99 104 97 110 
44 102 102 0 65 219 38 251 66 143 53 177 0 0 0 48 47 99 104 97 110 
44 102 102 0 65 219 73 38 66 143 53 177 0 0 0 48 47 99 104 97 110 
44 102 102 0 65 219 107 81 66 143 53 177 0 0 0 48 47 99 104 97 110 
44 102 102 0 65 219 141 124 66 143 53 177 0 0 0 48 47 99 104 97 110 
44 102 102 0 65 219 175 166 66 143 53 177 0 0 0 48 47 99 104 97 110 
44 102 102 0 65 219 209 209 66 143 53 177 0 0 0 48 47 99 104 97 110 
44 102 102 0 65 219 243 252 66 143 53 177 0 0 0 48 47 99 104 97 110 
44 102 102 0 65 220 22 39 66 143 53 177 0 0 0 48 47 99 104 97 110 
44 102 102 0 65 220 56 82 66 143 53 177 0 0 0 48 47 99 104 97 110 
44 102 102 0 65 220 90 125 66 143 53 177 0 0 0 48 47 99 104 97 110 
44 102 102 0 65 220 124 168 66 143 53 177 0 0 0 48 47 99 104 97 110 
44 102 102 0 65 220 158 211 66 143 53 177 0 0 0 48 47 99 104 97 110 
44 102 102 0 65 220 192 253 66 143 53 177 0 0 0 48 47 99 104 97 110 
44 102 102 0 65 220 227 40 66 143 53 177 0 0 0 48 47 99 104 97 110 
44 102 102 0 65 221 5 83 66 143 53 177 0 0 0 48 47 99 104 97 110 
44 102 102 0 65 221 39 126 66 143 53 177 0 0 0 48 47 99 104 97 110 
44 102 102 0 65 221 73 169 66 143 53 177 0 0 0 48 47 99 104 97 110 
44 102 102 0 65 221 107 212 66 143 53 177 0 0 0 48 47 99 104 97 110 
44 102 102 0 65 221 141 255 66 143 53 177 0 0 0 48 47 99 104 97 110 
44 102 102 0 65 221 176 42 66 143 53 177 0 0 0 48 47 99 104 97 110 
44 102 102 0 65 221 210 84 66 143 53 177 0 0 0 48 47 99 104 97 110 
44 102 102 0 65 221 244 127 66 143 53 177 0 0 0 48 47 99 104 97 110 
44 102 102 0 65 222 22 170 66 143 53 177 0 0 0 48 47 99 104 97 110 
44 102 102 0 65 222 56 213 66 143 53 177 0 0 0 48 47 99 104 97 110 
44 102 102 0 65 222 91 0 66 143 53 177 0 0 0 48 47 99 104 97 110 
44 102 102 0 65 222 125 43 66 143 53 177 0 0 0 48 47 99 104 97 110 
44 102 102 0 65 222 159 86 66 143 53 177 0 0 0 48 47 99 104 97 110 
44 102 102 0 65 222 193 128 66 143 53 177 0 0 0 48 47 99 104 97 110 
44 102 102 0 65 222 227 171 66 143 53 177 0 0 0 48 47 99 104 97 110 
44 102 102 0 65 223 5 214 66 143 53 177 0 0 0 48 47 99 104 97 110 
44 102 102 0 65 223 40 1 66 143 53 177 0 0 0 48 47 99 104 97 110 
44 102 102 0 65 223 74 44 66 143 53 177 0 0 0 48 47 99 104 97 110 
44 102 102 0 65 223 108 87 66 143 53 177 0 0 0 48 47 99 104 97 110 
44 102 102 0 65 223 142 130 66 143 53 177 0 0 0 48 47 99 104 97 110 
44 102 102 0 65 223 176 173 66 143 53 177 0 0 0 48 47 99 104 97 110 
44 102 102 0 65 223 210 215 66 143 53 177 0 0 0 48 47 99 104 97 110 
44 102 102 0 65 223 245 2 66 143 53 177 0 0 0 48 47 99 104 97 110 
44 102 102 0 65 224 23 45 66 143 53 177 0 0 0 48 47 99 104 97 110 
44 102 102 0 65 224 57 88 66 143 53 177 0 0 0 48 47 99 104 97 110 
44 102 102 0 65 224 91 131 66 143 53 177 0 0 0 48 47 99 104 97 110 
44 102 102 0 65 224 125 174 66 143 53 177 0 0 0 48 47 99 104 97 110 
44 102 102 0 65 224 159 217 66 143 53 177 0 0 0 48 47 99 104 97 110 
44 102 102 0 65 224 194 4 66 143 53 177 0 0 0 48 47 99 104 97 110 
44 102 102 0 65 224 228 46 66 143 53 177 0 0 0 48 47 99 104 97 110 
44 102 102 0 65 225 6 89 66 143 53 177 0 0 0 48 47 99 104 97 110 
44 102 102 0 65 225 40 132 66 143 53 177 0 0 0 48 47 99 104 97 110 
44 102 102 0 65 225 74 175 66 143 53 177 0 0 0 48 47 99 104 97 110 
44 102 102 0 65 225 108 218 66 143 53 177 0 0 0 48 47 99 104 97 110 
44 102 102 0 65 225 143 5 66 143 53 177 0 0 0 48 47 99 104 97 110 
44 102 102 0 65 225 177 48 66 143 53 177 0 0 0 48 47 99 104 97 110 
44 102 102 0 65 225 211 91 66 143 53 177 0 0 0 48 47 99 104 97 110 
44 102 102 0 65 225 245 133 66 143 53 177 0 0 0 48 47 99 104 97 110 
44 102 102 0 65 226 23 176 66 143 53 177 0 0 0 48 47 99 104 97 110 
44 102 102 0 65 226 57 219 66 143 53 177 0 0 0 48 47 99 104 97 110 
44 102 102 0 65 226 92 6 66 143 53 177 0 0 0 48 47 99 104 97 110 
44 102 102 0 65 226 126 49 66 143 53 177 0 0 0 48 47 99 104 97 110 
44 102 102 0 65 226 160 92 66 143 53 177 0 0 0 48 47 99 104 97 110 
44 102 102 0 65 226 194 135 66 143 53 177 0 0 0 48 47 99 104 97 110 
44 102 102 0 65 226 228 177 66 143 53 177 0 0 0 48 47 99 104 97 110 
44 102 102 0 65 227 6 220 66 143 53 177 0 0 0 48 47 99 104 97 110 
44 102 102 0 65 227 41 7 66 143 53 177 0 0 0 48 47 99 104 97 110 
44 102 102 0 65 227 75 50 66 143 53 177 0 0 0 48 47 99 104 97 110 
44 102 102 0 65 227 109 93 66 143 53 177 0 0 0 48 47 99 104 97 110 
44 102 102 0 65 227 143 136 66 143 53 177 0 0 0 48 47 99 104 97 110 
44 102 102 0 65 227 177 179 66 143 53 177 0 0 0 48 47 99 104 97 110 
44 102 102 0 65 227 211 222 66 143 53 177 0 0 0 48 47 99 104 97 110 
44 102 102 0 65 227 246 8 66 143 53 177 0 0 0 48 47 99 104 97 110 
44 102 102 0 65 228 24 51 66 143 53 177 0 0 0 48 47 99 104 97 110 
44 102 102 0 65 228 58 94 66 143 53 177 0 0 0 48 47 99 104 97 110 
44 102 102 0 65 228 92 137 66 143 53 177 0 0 0 48 47 99 104 97 110 
44 102 102 0 65 228 126 180 66 143 53 177 0 0 0 48 47 99 104 97 110 
44 102 102 0 65 228 160 223 66 143 53 177 0 0 0 48 47 99 104 97 110 
44 102 102 0 65 228 195 10 66 143 53 177 0 0 0 48 47 99 104 97 110 
44 102 102 0 65 228 229 53 66 143 53 177 0 0 0 48 47 99 104 97 110 
44 102 102 0 65 229 7 95 66 143 53 177 0 0 0 48 47 99 104 97 110 
44 102 102 0 65 229 41 138 66 143 53 177 0 0 0 48 47 99 104 97 110 
44 102 102 0 65 229 109 224 66 143 53 177 0 0 0 48 47 99 104 97 110 
44 102 102 0 65 229 178 54 66 143 53 177 0 0 0 48 47 99 104 97 110 
44 102 102 0 65 229 246 140 66 143 53 177 0 0 0 48 47 99 104 97 110 
44 102 102 0 65 230 58 225 66 143 53 177 0 0 0 48 47 99 104 97 110 
44 102 102 0 65 230 127 55 66 143 53 177 0 0 0 48 47 99 104 97 110 
44 102 102 0 65 230 161 98 66 143 53 177 0 0 0 48 47 99 104 97 110 
44 102 102 0 65 230 229 184 66 143 53 177 0 0 0 48 47 99 104 97 110 
44 102 102 0 65 231 42 13 66 143 53 177 0 0 0 48 47 99 104 97 110 
44 102 102 0 65 231 110 99 66 143 53 177 0 0 0 48 47 99 104 97 110 
44 102 102 0 65 231 178 185 66 143 53 177 0 0 0 48 47 99 104 97 110 
44 102 102 0 65 231 247 15 66 143 53 177 0 0 0 48 47 99 104 97 110 
44 102 102 0 65 232 59 100 66 143 53 177 0 0 0 48 47 99 104 97 110 
44 102 102 0 65 232 93 143 66 143 53 177 0 0 0 48 47 99 104 97 110 
44 102 102 0 65 232 161 229 66 143 53 177 0 0 0 48 47 99 104 97 110 
44 102 102 0 65 232 230 59 66 143 53 177 0 0 0 48 47 99 104 97 110 
44 102 102 0 65 233 42 144 66 143 53 177 0 0 0 48 47 99 104 97 110 
44 102 102 0 65 233 110 230 66 143 53 177 0 0 0 48 47 99 104 97 110 
44 102 102 0 65 233 179 60 66 143 53 177 0 0 0 48 47 99 104 97 110 
44 102 102 0 65 233 247 146 66 143 53 177 0 0 0 48 47 99 104 97 110 
44 102 102 0 65 234 59 231 66 143 53 177 0 0 0 48 47 99 104 97 110 
44 102 102 0 65 234 94 18 66 143 53 177 0 0 0 48 47 99 104 97 110 
44 102 102 0 65 234 162 104 66 143 53 177 0 0 0 48 47 99 104 97 110 
44 102 102 0 65 234 230 190 66 143 53 177 0 0 0 48 47 99 104 97 110 
44 102 102 0 65 235 43 20 66 143 53 177 0 0 0 48 47 99 104 97 110 
44 102 102 0 65 235 111 105 66 143 53 177 0 0 0 48 47 99 104 97 110 
44 102 102 0 65 235 179 191 66 143 53 177 0 0 0 48 47 99 104 97 110 
44 102 102 0 65 235 248 21 66 143 53 177 0 0 0 48 47 99 104 97 110 
44 102 102 0 65 236 60 106 66 143 53 177 0 0 0 48 47 99 104 97 110 
44 102 102 0 65 236 128 192 66 143 53 177 0 0 0 48 47 99 104 97 110 
44 102 102 0 65 236 197 22 66 143 53 177 0 0 0 48 47 99 104 97 110 
44 102 102 0 65 237 9 108 66 143 53 177 0 0 0 48 47 99 104 97 110 
44 102 102 0 65 237 77 193 66 143 53 177 0 0 0 48 47 99 104 97 110 
44 102 102 0 65 237 146 23 66 143 53 177 0 0 0 48 47 99 104 97 110 
44 102 102 0 65 237 214 109 66 143 53 177 0 0 0 48 47 99 104 97 110 
44 102 102 0 65 238 26 195 66 143 53 177 0 0 0 48 47 99 104 97 110 
44 102 102 0 65 238 60 238 66 143 53 177 0 0 0 48 47 99 104 97 110 
44 102 102 0 66 76 35 36 66 143 53 177 0 0 0 48 47 99 104 97 110 
44 102 102 0 66 76 52 57 66 143 53 177 0 0 0 48 47 99 104 97 110 
44 102 102 0 66 76 69 79 66 143 53 177 0 0 0 48 47 99 104 97 110 
44 102 102 0 66 76 86 100 66 143 53 177 0 0 0 48 47 99 104 97 110 
44 102 102 0 66 76 103 122 66 143 53 177 0 0 0 48 47 99 104 97 110 
44 102 102 0 66 76 120 143 66 143 53 177 0 0 0 48 47 99 104 97 110 
44 102 102 0 66 76 137 165 66 143 53 177 0 0 0 48 47 99 104 97 110 
44 102 102 0 66 76 154 186 66 143 53 177 0 0 0 48 47 99 104 97 110 
44 102 102 0 66 76 171 207 66 143 53 177 0 0 0 48 47 99 104 97 110 
44 102 102 0 66 76 188 229 66 143 53 177 0 0 0 48 47 99 104 97 110 
44 102 102 0 66 76 205 250 66 143 53 177 0 0 0 48 47 99 104 97 110 
44 102 102 0 66 76 223 16 66 143 53 177 0 0 0 48 47 99 104 97 110 
44 102 102 0 66 76 240 37 66 143 53 177 0 0 0 48 47 99 104 97 110 
44 102 102 0 66 77 1 59 66 143 53 177 0 0 0 48 47 99 104 97 110 
44 102 102 0 66 77 18 80 66 143 53 177 0 0 0 48 47 99 104 97 110 
44 102 102 0 66 77 35 101 66 143 53 177 0 0 0 48 47 99 104 97 110 
44 102 102 0 66 77 52 123 66 143 53 177 0 0 0 48 47 99 104 97 110 
44 102 102 0 66 77 69 144 66 143 53 177 0 0 0 48 47 99 104 97 110 
44 102 102 0 66 77 86 166 66 143 53 177 0 0 0 48 47 99 104 97 110 
44 102 102 0 66 77 103 187 66 143 53 177 0 0 0 48 47 99 104 97 110 
44 102 102 0 66 77 120 209 66 143 53 177 0 0 0 48 47 99 104 97 110 
44 102 102 0 66 77 137 230 66 143 53 177 0 0 0 48 47 99 104 97 110 
44 102 102 0 66 77 154 251 66 143 53 177 0 0 0 48 47 99 104 97 110 
44 102 102 0 66 77 172 17 66 143 53 177 0 0 0 48 47 99 104 97 110 
44 102 102 0 66 77 189 38 66 143 53 177 0 0 0 48 47 99 104 97 110 
44 102 102 0 66 77 206 60 66 143 53 177 0 0 0 48 47 99 104 97 110 
44 102 102 0 66 77 223 81 66 143 53 177 0 0 0 48 47 99 104 97 110 
44 102 102 0 66 77 240 103 66 143 53 177 0 0 0 48 47 99 104 97 110 
44 102 102 0 66 78 1 124 66 143 53 177 0 0 0 48 47 99 104 97 110 
44 102 102 0 66 78 18 146 66 143 53 177 0 0 0 48 47 99 104 97 110 
44 102 102 0 66 78 35 167 66 143 53 177 0 0 0 48 47 99 104 97 110 
44 102 102 0 66 78 52 188 66 143 53 177 0 0 0 48 47 99 104 97 110 
44 102 102 0 66 78 69 210 66 143 53 177 0 0 0 48 47 99 104 97 110 
44 102 102 0 66 78 86 231 66 143 53 177 0 0 0 48 47 99 104 97 110 
44 102 102 0 66 78 103 253 66 143 53 177 0 0 0 48 47 99 104 97 110 
44 102 102 0 66 78 121 18 66 143 53 177 0 0 0 48 47 99 104 97 110 
44 102 102 0 66 78 138 40 66 143 53 177 0 0 0 48 47 99 104 97 110 
44 102 102 0 66 78 155 61 66 143 53 177 0 0 0 48 47 99 104 97 110 
44 102 102 0 66 78 172 82 66 143 53 177 0 0 0 48 47 99 104 97 110 
44 102 102 0 66 78 189 104 66 143 53 177 0 0 0 48 47 99 104 97 110 
44 102 102 0 66 78 206 125 66 143 53 177 0 0 0 48 47 99 104 97 110 
44 102 102 0 66 78 223 147 66 143 53 177 0 0 0 48 47 99 104 97 110 
44 102 102 0 66 78 240 168 66 143 53 177 0 0 0 48 47 99 104 97 110 
44 102 102 0 66 79 1 190 66 143 53 177 0 0 0 48 47 99 104 97 110 
44 102 102 0 66 79 18 211 66 143 53 177 0 0 0 48 47 99 104 97 110 
44 102 102 0 66 79 35 233 66 143 53 177 0 0 0 48 47 99 104 97 110 
44 102 102 0 66 79 52 254 66 143 53 177 0 0 0 48 47 99 104 97 110 
44 102 102 0 66 79 70 19 66 143 53 177 0 0 0 48 47 99 104 97 110 
44 102 102 0 66 79 87 41 66 143 53 177 0 0 0 48 47 99 104 97 110 
44 102 102 0 66 79 104 62 66 143 53 177 0 0 0 48 47 99 104 97 110 
44 102 102 0 66 79 121 84 66 143 53 177 0 0 0 48 47 99 104 97 110 
44 102 102 0 66 79 138 105 66 143 53 177 0 0 0 48 47 99 104 97 110 
44 102 102 0 66 79 155 127 66 143 53 177 0 0 0 48 47 99 104 97 110 
44 102 102 0 66 79 172 148 66 143 53 177 0 0 0 48 47 99 104 97 110 
44 102 102 0 66 79 189 169 66 143 53 177 0 0 0 48 47 99 104 97 110 
44 102 102 0 66 79 206 191 66 143 53 177 0 0 0 48 47 99 104 97 110 
44 102 102 0 66 79 223 212 66 143 53 177 0 0 0 48 47 99 104 97 110 
44 102 102 0 66 79 240 234 66 143 53 177 0 0 0 48 47 99 104 97 110 
44 102 102 0 66 80 1 255 66 143 53 177 0 0 0 48 47 99 104 97 110 
44 102 102 0 66 80 19 21 66 143 53 177 0 0 0 48 47 99 104 97 110 
44 102 102 0 66 80 36 42 66 143 53 177 0 0 0 48 47 99 104 97 110 
44 102 102 0 66 80 53 63 66 143 53 177 0 0 0 48 47 99 104 97 110 
44 102 102 0 66 80 70 85 66 143 53 177 0 0 0 48 47 99 104 97 110 
44 102 102 0 66 80 87 106 66 143 53 177 0 0 0 48 47 99 104 97 110 
44 102 102 0 66 80 104 128 66 143 53 177 0 0 0 48 47 99 104 97 110 
44 102 102 0 66 80 121 149 66 143 53 177 0 0 0 48 47 99 104 97 110 
44 102 102 0 66 80 138 171 66 143 53 177 0 0 0 48 47 99 104 97 110 
44 102 102 0 66 80 155 192 66 143 53 177 0 0 0 48 47 99 104 97 110 
44 102 102 0 66 80 172 214 66 143 53 177 0 0 0 48 47 99 104 97 110 
44 102 102 0 66 80 189 235 66 143 53 177 0 0 0 48 47 99 104 97 110 
44 102 102 0 66 80 207 0 66 143 53 177 0 0 0 48 47 99 104 97 110 
44 102 102 0 66 80 224 22 66 143 53 177 0 0 0 48 47 99 104 97 110 
44 102 102 0 66 80 241 43 66 143 53 177 0 0 0 48 47 99 104 97 110 
44 102 102 0 66 81 2 65 66 143 53 177 0 0 0 48 47 99 104 97 110 
44 102 102 0 66 81 19 86 66 143 53 177 0 0 0 48 47 99 104 97 110 
44 102 102 0 66 81 36 108 66 143 53 177 0 0 0 48 47 99 104 97 110 
44 102 102 0 66 81 53 129 66 143 53 177 0 0 0 48 47 99 104 97 110 
44 102 102 0 66 81 70 150 66 143 53 177 0 0 0 48 47 99 104 97 110 
44 102 102 0 66 81 87 172 66 143 53 177 0 0 0 48 47 99 104 97 110 
44 102 102 0 66 81 104 193 66 143 53 177 0 0 0 48 47 99 104 97 110 
44 102 102 0 66 81 121 215 66 143 53 177 0 0 0 48 47 99 104 97 110 
44 102 102 0 66 81 138 236 66 143 53 177 0 0 0 48 47 99 104 97 110 
44 102 102 0 66 81 156 2 66 143 53 177 0 0 0 48 47 99 104 97 110 
44 102 102 0 66 81 173 23 66 143 53 177 0 0 0 48 47 99 104 97 110 
44 102 102 0 66 81 190 45 66 143 53 177 0 0 0 48 47 99 104 97 110 
44 102 102 0 66 81 207 66 66 143 53 177 0 0 0 48 47 99 104 97 110 
44 102 102 0 66 81 224 87 66 143 53 177 0 0 0 48 47 99 104 97 110 
44 102 102 0 66 81 241 109 66 143 53 177 0 0 0 48 47 99 104 97 110 
44 102 102 0 66 82 2 130 66 143 53 177 0 0 0 48 47 99 104 97 110 
44 102 102 0 66 82 19 152 66 143 53 177 0 0 0 48 47 99 104 97 110 
44 102 102 0 66 82 36 173 66 143 53 177 0 0 0 48 47 99 104 97 110 
44 102 102 0 66 82 53 195 66 143 53 177 0 0 0 48 47 99 104 97 110 
44 102 102 0 66 82 70 216 66 143 53 177 0 0 0 48 47 99 104 97 110 
44 102 102 0 66 82 87 237 66 143 53 177 0 0 0 48 47 99 104 97 110 
44 102 102 0 66 82 105 3 66 143 53 177 0 0 0 48 47 99 104 97 110 
44 102 102 0 66 82 122 24 66 143 53 177 0 0 0 48 47 99 104 97 110 
44 102 102 0 66 82 139 46 66 143 53 177 0 0 0 48 47 99 104 97 110 
44 102 102 0 66 82 156 67 66 143 53 177 0 0 0 48 47 99 104 97 110 
44 102 102 0 66 82 173 89 66 143 53 177 0 0 0 48 47 99 104 97 110 
44 102 102 0 66 82 190 110 66 143 53 177 0 0 0 48 47 99 104 97 110 
44 102 102 0 66 82 207 131 66 143 53 177 0 0 0 48 47 99 104 97 110 
44 102 102 0 66 82 224 153 66 143 53 177 0 0 0 48 47 99 104 97 110 
44 102 102 0 66 82 241 174 66 143 53 177 0 0 0 48 47 99 104 97 110 
44 102 102 0 66 83 2 196 66 143 53 177 0 0 0 48 47 99 104 97 110 
44 102 102 0 66 83 19 217 66 143 53 177 0 0 0 48 47 99 104 97 110 
44 102 102 0 66 83 36 239 66 143 53 177 0 0 0 48 47 99 104 97 110 
44 102 102 0 66 83 54 4 66 143 53 177 0 0 0 48 47 99 104 97 110 
44 102 102 0 66 83 71 26 66 143 53 177 0 0 0 48 47 99 104 97 110 
44 102 102 0 66 83 88 47 66 143 53 177 0 0 0 48 47 99 104 97 110 
44 102 102 0 66 83 105 68 66 143 53 177 0 0 0 48 47 99 104 97 110 
44 102 102 0 66 83 122 90 66 143 53 177 0 0 0 48 47 99 104 97 110 
44 102 102 0 66 83 139 111 66 143 53 177 0 0 0 48 47 99 104 97 110 
44 102 102 0 66 83 156 133 66 143 53 177 0 0 0 48 47 99 104 97 110 
44 102 102 0 66 83 173 154 66 143 53 177 0 0 0 48 47 99 104 97 110 
44 102 102 0 66 83 207 197 66 143 53 177 0 0 0 48 47 99 104 97 110 
44 102 102 0 66 83 241 240 66 143 53 177 0 0 0 48 47 99 104 97 110 
44 102 102 0 66 84 20 27 66 143 53 177 0 0 0 48 47 99 104 97 110 
44 102 102 0 66 84 54 70 66 143 53 177 0 0 0 48 47 99 104 97 110 
44 102 102 0 66 84 71 91 66 143 53 177 0 0 0 48 47 99 104 97 110 
44 102 102 0 66 84 105 134 66 143 53 177 0 0 0 48 47 99 104 97 110 
44 102 102 0 66 84 156 198 66 143 53 177 0 0 0 48 47 99 104 97 110 
44 102 102 0 66 84 190 241 66 143 53 177 0 0 0 48 47 99 104 97 110 
44 102 102 0 66 84 225 28 66 143 53 177 0 0 0 48 47 99 104 97 110 
44 102 102 0 66 84 242 49 66 143 53 177 0 0 0 48 47 99 104 97 110 
44 102 102 0 66 85 20 92 66 143 53 177 0 0 0 48 47 99 104 97 110 
44 102 102 0 66 85 54 135 66 143 53 177 0 0 0 48 47 99 104 97 110 
44 102 102 0 66 85 88 178 66 143 53 177 0 0 0 48 47 99 104 97 110 
44 102 102 0 66 85 122 221 66 143 53 177 0 0 0 48 47 99 104 97 110 
44 102 102 0 66 85 157 8 66 143 53 177 0 0 0 48 47 99 104 97 110 
44 102 102 0 66 85 191 51 66 143 53 177 0 0 0 48 47 99 104 97 110 
44 102 102 0 66 85 225 94 66 143 53 177 0 0 0 48 47 99 104 97 110 
44 102 102 0 66 86 3 136 66 143 53 177 0 0 0 48 47 99 104 97 110 
44 102 102 0 66 86 37 179 66 143 53 177 0 0 0 48 47 99 104 97 110 
44 102 102 0 66 86 71 222 66 143 53 177 0 0 0 48 47 99 104 97 110 
44 102 102 0 66 86 106 9 66 143 53 177 0 0 0 48 47 99 104 97 110 
44 102 102 0 66 86 140 52 66 143 53 177 0 0 0 48 47 99 104 97 110 
44 102 102 0 66 86 174 95 66 143 53 177 0 0 0 48 47 99 104 97 110 
44 102 102 0 66 86 208 138 66 143 53 177 0 0 0 48 47 99 104 97 110 
44 102 102 0 66 86 225 159 66 143 53 177 0 0 0 48 47 99 104 97 110 
44 102 102 0 66 87 3 202 66 143 53 177 0 0 0 48 47 99 104 97 110 
44 102 102 0 66 87 37 245 66 143 53 177 0 0 0 48 47 99 104 97 110 
44 102 102 0 66 87 72 32 66 143 53 177 0 0 0 48 47 99 104 97 110 
44 102 102 0 66 87 89 53 66 143 53 177 0 0 0 48 47 99 104 97 110 
44 102 102 0 66 87 123 96 66 143 53 177 0 0 0 48 47 99 104 97 110 
44 102 102 0 66 87 157 139 66 143 53 177 0 0 0 48 47 99 104 97 110 
44 102 102 0 66 87 191 182 66 143 53 177 0 0 0 48 47 99 104 97 110 
44 102 102 0 66 87 225 225 66 143 53 177 0 0 0 48 47 99 104 97 110 
44 102 102 0 66 88 4 11 66 143 53 177 0 0 0 48 47 99 104 97 110 
44 102 102 0 66 88 21 33 66 143 53 177 0 0 0 48 47 99 104 97 110 
44 102 102 0 66 88 55 76 66 143 53 177 0 0 0 48 47 99 104 97 110 
44 102 102 0 66 88 89 119 66 143 53 177 0 0 0 48 47 99 104 97 110 
44 102 102 0 66 88 123 162 66 143 53 177 0 0 0 48 47 99 104 97 110 
44 102 102 0 66 88 157 204 66 143 53 177 0 0 0 48 47 99 104 97 110 
44 102 102 0 66 88 191 247 66 143 53 177 0 0 0 48 47 99 104 97 110 
44 102 102 0 66 88 226 34 66 143 53 177 0 0 0 48 47 99 104 97 110 
44 102 102 0 66 89 4 77 66 143 53 177 0 0 0 48 47 99 104 97 110 
44 102 102 0 66 89 38 120 66 143 53 177 0 0 0 48 47 99 104 97 110 
44 102 102 0 66 89 72 163 66 143 53 177 0 0 0 48 47 99 104 97 110 
44 102 102 0 66 89 106 206 66 143 53 177 0 0 0 48 47 99 104 97 110 
44 102 102 0 66 89 140 248 66 143 53 177 0 0 0 48 47 99 104 97 110 
44 102 102 0 66 89 175 35 66 143 53 177 0 0 0 48 47 99 104 97 110 
44 102 102 0 66 89 209 78 66 143 53 177 0 0 0 48 47 99 104 97 110 
44 102 102 0 66 89 243 121 66 143 53 177 0 0 0 48 47 99 104 97 110 
44 102 102 0 66 90 21 164 66 143 53 177 0 0 0 48 47 99 104 97 110 
44 102 102 0 66 90 38 185 66 143 53 177 0 0 0 48 47 99 104 97 110 
44 102 102 0 66 90 72 228 66 143 53 177 0 0 0 48 47 99 104 97 110 
44 102 102 0 66 90 107 15 66 143 53 177 0 0 0 48 47 99 104 97 110 
44 102 102 0 66 90 141 58 66 143 53 177 0 0 0 48 47 99 104 97 110 
44 102 102 0 66 90 175 101 66 143 53 177 0 0 0 48 47 99 104 97 110 
44 102 102 0 66 90 209 144 66 143 53 177 0 0 0 48 47 99 104 97 110 
44 102 102 0 66 90 243 187 66 143 53 177 0 0 0 48 47 99 104 97 110 
44 102 102 0 66 91 4 208 66 143 53 177 0 0 0 48 47 99 104 97 110 
44 102 102 0 66 91 38 251 66 143 53 177 0 0 0 48 47 99 104 97 110 
44 102 102 0 66 91 73 38 66 143 53 177 0 0 0 48 47 99 104 97 110 
44 102 102 0 66 91 107 81 66 143 53 177 0 0 0 48 47 99 104 97 110 
44 102 102 0 66 91 141 124 66 143 53 177 0 0 0 48 47 99 104 97 110 
44 102 102 0 66 91 175 166 66 143 53 177 0 0 0 48 47 99 104 97 110 
44 102 102 0 66 91 192 188 66 143 53 177 0 0 0 48 47 99 104 97 110 
44 102 102 0 66 91 226 231 66 143 53 177 0 0 0 48 47 99 104 97 110 
44 102 102 0 66 92 5 18 66 143 53 177 0 0 0 48 47 99 104 97 110 
44 102 102 0 66 92 39 60 66 143 53 177 0 0 0 48 47 99 104 97 110 
44 102 102 0 66 92 73 103 66 143 53 177 0 0 0 48 47 99 104 97 110 
44 102 102 0 66 92 107 146 66 143 53 177 0 0 0 48 47 99 104 97 110 
